<?xml version="1.0" encoding="UTF-8"?>
<!-- Generated by org.testng.reporters.JUnitXMLReporter -->
<testsuite ignored="0" hostname="DESKTOP-HK2JNRF" failures="1" tests="15" name="TestNG Feature Test" time="11.852" errors="0" timestamp="2024-05-19T12:08:10 IST">
  <testcase classname="TestNGConcept.GoogleTest" name="googleTitleTest" time="0.019"/>
  <testcase classname="TestNGConcept.GoogleTest" name="mailLinkTest" time="0.028"/>
  <testcase classname="TestNGConcept.GoogleTest" name="googleLogoTest" time="0.023"/>
  <testcase classname="TestNGConcept.GoogleTest" name="test1" time="0.001"/>
  <testcase classname="TestNGConcept.GoogleTest" name="test3" time="0.001"/>
  <testcase classname="TestNGConcept.GoogleTest" name="test2" time="0.001"/>
  <testcase classname="TestNGConcept.TestNGBasics" name="googleTitleTest" time="0.002"/>
  <testcase classname="TestNGConcept.TestNGBasics" name="searchTest" time="0.001"/>
  <testcase classname="TestNGConcept.TestNGFeatures" name="LoginPageTest" time="0.001">
    <failure type="java.lang.ArithmeticException" message="/ by zero">
      <![CDATA[java.lang.ArithmeticException: / by zero
at TestNGConcept.TestNGFeatures.LoginPageTest(TestNGFeatures.java:10)
at java.base/java.util.ArrayList.forEach(ArrayList.java:1511)
... Removed 27 stack frames]]>
    </failure>
  </testcase> <!-- LoginPageTest -->
  <testcase classname="TestNGConcept.TestNGFeatures" name="HomePageTest" time="0.0">
    <skipped/>
  </testcase> <!-- HomePageTest -->
  <testcase classname="TestNGConcept.TestNGFeatures" name="SearchPageTest" time="0.001"/>
  <testcase classname="TestNGConcept.TestNGFeatures" name="sum" time="0.0"/>
  <testcase classname="TestNGConcept.TestNGFeatures" name="sum" time="0.001"/>
  <testcase classname="TestNGConcept.TestNGFeatures" name="sum" time="0.0"/>
  <testcase classname="TestNGConcept.TestNGFeatures" name="test1" time="0.001"/>
</testsuite> <!-- TestNG Feature Test -->
